[0.757s] Invoking command in '/home/nelsonvt/workspace/Repos/CyM_ROS2/ROS2_sim/src/simple_robot': PYTHONPATH=/home/nelsonvt/workspace/Repos/CyM_ROS2/ROS2_sim/build/simple_robot/prefix_override:/usr/lib/python3/dist-packages/colcon_core/task/python/colcon_distutils_commands:/home/nelsonvt/workspace/Repos/CyM_ROS2/ROS2_sim/install/simple_robot/lib/python3.10/site-packages:${PYTHONPATH} /usr/bin/python3 -W ignore:setup.py install is deprecated -W ignore:easy_install command is deprecated setup.py egg_info --egg-base ../../build/simple_robot build --build-base /home/nelsonvt/workspace/Repos/CyM_ROS2/ROS2_sim/build/simple_robot/build install --record /home/nelsonvt/workspace/Repos/CyM_ROS2/ROS2_sim/build/simple_robot/install.log --single-version-externally-managed install_data
[1.021s] running egg_info
[1.022s] writing ../../build/simple_robot/simple_robot.egg-info/PKG-INFO
[1.022s] writing dependency_links to ../../build/simple_robot/simple_robot.egg-info/dependency_links.txt
[1.022s] writing entry points to ../../build/simple_robot/simple_robot.egg-info/entry_points.txt
[1.022s] writing requirements to ../../build/simple_robot/simple_robot.egg-info/requires.txt
[1.023s] writing top-level names to ../../build/simple_robot/simple_robot.egg-info/top_level.txt
[1.024s] reading manifest file '../../build/simple_robot/simple_robot.egg-info/SOURCES.txt'
[1.025s] writing manifest file '../../build/simple_robot/simple_robot.egg-info/SOURCES.txt'
[1.026s] running build
[1.026s] running build_py
[1.026s] running install
[1.026s] running install_lib
[1.027s] running install_data
[1.027s] running install_egg_info
[1.029s] removing '/home/nelsonvt/workspace/Repos/CyM_ROS2/ROS2_sim/install/simple_robot/lib/python3.10/site-packages/simple_robot-0.0.0-py3.10.egg-info' (and everything under it)
[1.029s] Copying ../../build/simple_robot/simple_robot.egg-info to /home/nelsonvt/workspace/Repos/CyM_ROS2/ROS2_sim/install/simple_robot/lib/python3.10/site-packages/simple_robot-0.0.0-py3.10.egg-info
[1.031s] running install_scripts
[1.052s] writing list of installed files to '/home/nelsonvt/workspace/Repos/CyM_ROS2/ROS2_sim/build/simple_robot/install.log'
[1.077s] Invoked command in '/home/nelsonvt/workspace/Repos/CyM_ROS2/ROS2_sim/src/simple_robot' returned '0': PYTHONPATH=/home/nelsonvt/workspace/Repos/CyM_ROS2/ROS2_sim/build/simple_robot/prefix_override:/usr/lib/python3/dist-packages/colcon_core/task/python/colcon_distutils_commands:/home/nelsonvt/workspace/Repos/CyM_ROS2/ROS2_sim/install/simple_robot/lib/python3.10/site-packages:${PYTHONPATH} /usr/bin/python3 -W ignore:setup.py install is deprecated -W ignore:easy_install command is deprecated setup.py egg_info --egg-base ../../build/simple_robot build --build-base /home/nelsonvt/workspace/Repos/CyM_ROS2/ROS2_sim/build/simple_robot/build install --record /home/nelsonvt/workspace/Repos/CyM_ROS2/ROS2_sim/build/simple_robot/install.log --single-version-externally-managed install_data
