running egg_info
creating ../../build/simple_robot/simple_robot.egg-info
writing ../../build/simple_robot/simple_robot.egg-info/PKG-INFO
writing dependency_links to ../../build/simple_robot/simple_robot.egg-info/dependency_links.txt
writing entry points to ../../build/simple_robot/simple_robot.egg-info/entry_points.txt
writing requirements to ../../build/simple_robot/simple_robot.egg-info/requires.txt
writing top-level names to ../../build/simple_robot/simple_robot.egg-info/top_level.txt
writing manifest file '../../build/simple_robot/simple_robot.egg-info/SOURCES.txt'
reading manifest file '../../build/simple_robot/simple_robot.egg-info/SOURCES.txt'
writing manifest file '../../build/simple_robot/simple_robot.egg-info/SOURCES.txt'
running build
running build_py
creating /home/nelsonvt/workspace/ROS2_sim/build/simple_robot/build
creating /home/nelsonvt/workspace/ROS2_sim/build/simple_robot/build/lib
creating /home/nelsonvt/workspace/ROS2_sim/build/simple_robot/build/lib/simple_robot
copying simple_robot/__init__.py -> /home/nelsonvt/workspace/ROS2_sim/build/simple_robot/build/lib/simple_robot
running install
running install_lib
creating /home/nelsonvt/workspace/ROS2_sim/install/simple_robot/lib/python3.10/site-packages/simple_robot
copying /home/nelsonvt/workspace/ROS2_sim/build/simple_robot/build/lib/simple_robot/__init__.py -> /home/nelsonvt/workspace/ROS2_sim/install/simple_robot/lib/python3.10/site-packages/simple_robot
byte-compiling /home/nelsonvt/workspace/ROS2_sim/install/simple_robot/lib/python3.10/site-packages/simple_robot/__init__.py to __init__.cpython-310.pyc
running install_data
creating /home/nelsonvt/workspace/ROS2_sim/install/simple_robot/share/ament_index
creating /home/nelsonvt/workspace/ROS2_sim/install/simple_robot/share/ament_index/resource_index
creating /home/nelsonvt/workspace/ROS2_sim/install/simple_robot/share/ament_index/resource_index/packages
copying resource/simple_robot -> /home/nelsonvt/workspace/ROS2_sim/install/simple_robot/share/ament_index/resource_index/packages
copying package.xml -> /home/nelsonvt/workspace/ROS2_sim/install/simple_robot/share/simple_robot
creating /home/nelsonvt/workspace/ROS2_sim/install/simple_robot/share/simple_robot/urdf
copying urdf/simple_robot.urdf -> /home/nelsonvt/workspace/ROS2_sim/install/simple_robot/share/simple_robot/urdf
creating /home/nelsonvt/workspace/ROS2_sim/install/simple_robot/share/simple_robot/launch
copying launch/display.launch.py -> /home/nelsonvt/workspace/ROS2_sim/install/simple_robot/share/simple_robot/launch
creating /home/nelsonvt/workspace/ROS2_sim/install/simple_robot/share/simple_robot/meshes
running install_egg_info
Copying ../../build/simple_robot/simple_robot.egg-info to /home/nelsonvt/workspace/ROS2_sim/install/simple_robot/lib/python3.10/site-packages/simple_robot-0.0.0-py3.10.egg-info
running install_scripts
writing list of installed files to '/home/nelsonvt/workspace/ROS2_sim/build/simple_robot/install.log'
