[0.777s] Invoking command in '/home/nelsonvt/workspace/ROS2_sim/src/simple_robot': PYTHONPATH=/home/nelsonvt/workspace/ROS2_sim/build/simple_robot/prefix_override:/usr/lib/python3/dist-packages/colcon_core/task/python/colcon_distutils_commands:/home/nelsonvt/workspace/ROS2_sim/install/simple_robot/lib/python3.10/site-packages:${PYTHONPATH} /usr/bin/python3 -W ignore:setup.py install is deprecated -W ignore:easy_install command is deprecated setup.py egg_info --egg-base ../../build/simple_robot build --build-base /home/nelsonvt/workspace/ROS2_sim/build/simple_robot/build install --record /home/nelsonvt/workspace/ROS2_sim/build/simple_robot/install.log --single-version-externally-managed install_data
[1.039s] running egg_info
[1.039s] creating ../../build/simple_robot/simple_robot.egg-info
[1.040s] writing ../../build/simple_robot/simple_robot.egg-info/PKG-INFO
[1.040s] writing dependency_links to ../../build/simple_robot/simple_robot.egg-info/dependency_links.txt
[1.040s] writing entry points to ../../build/simple_robot/simple_robot.egg-info/entry_points.txt
[1.040s] writing requirements to ../../build/simple_robot/simple_robot.egg-info/requires.txt
[1.041s] writing top-level names to ../../build/simple_robot/simple_robot.egg-info/top_level.txt
[1.041s] writing manifest file '../../build/simple_robot/simple_robot.egg-info/SOURCES.txt'
[1.042s] reading manifest file '../../build/simple_robot/simple_robot.egg-info/SOURCES.txt'
[1.043s] writing manifest file '../../build/simple_robot/simple_robot.egg-info/SOURCES.txt'
[1.043s] running build
[1.043s] running build_py
[1.043s] creating /home/nelsonvt/workspace/ROS2_sim/build/simple_robot/build
[1.044s] creating /home/nelsonvt/workspace/ROS2_sim/build/simple_robot/build/lib
[1.044s] creating /home/nelsonvt/workspace/ROS2_sim/build/simple_robot/build/lib/simple_robot
[1.044s] copying simple_robot/__init__.py -> /home/nelsonvt/workspace/ROS2_sim/build/simple_robot/build/lib/simple_robot
[1.044s] running install
[1.044s] running install_lib
[1.045s] creating /home/nelsonvt/workspace/ROS2_sim/install/simple_robot/lib/python3.10/site-packages/simple_robot
[1.045s] copying /home/nelsonvt/workspace/ROS2_sim/build/simple_robot/build/lib/simple_robot/__init__.py -> /home/nelsonvt/workspace/ROS2_sim/install/simple_robot/lib/python3.10/site-packages/simple_robot
[1.045s] byte-compiling /home/nelsonvt/workspace/ROS2_sim/install/simple_robot/lib/python3.10/site-packages/simple_robot/__init__.py to __init__.cpython-310.pyc
[1.045s] running install_data
[1.046s] creating /home/nelsonvt/workspace/ROS2_sim/install/simple_robot/share/ament_index
[1.046s] creating /home/nelsonvt/workspace/ROS2_sim/install/simple_robot/share/ament_index/resource_index
[1.046s] creating /home/nelsonvt/workspace/ROS2_sim/install/simple_robot/share/ament_index/resource_index/packages
[1.046s] copying resource/simple_robot -> /home/nelsonvt/workspace/ROS2_sim/install/simple_robot/share/ament_index/resource_index/packages
[1.046s] copying package.xml -> /home/nelsonvt/workspace/ROS2_sim/install/simple_robot/share/simple_robot
[1.047s] creating /home/nelsonvt/workspace/ROS2_sim/install/simple_robot/share/simple_robot/urdf
[1.047s] copying urdf/simple_robot.urdf -> /home/nelsonvt/workspace/ROS2_sim/install/simple_robot/share/simple_robot/urdf
[1.047s] creating /home/nelsonvt/workspace/ROS2_sim/install/simple_robot/share/simple_robot/launch
[1.047s] copying launch/display.launch.py -> /home/nelsonvt/workspace/ROS2_sim/install/simple_robot/share/simple_robot/launch
[1.047s] creating /home/nelsonvt/workspace/ROS2_sim/install/simple_robot/share/simple_robot/meshes
[1.047s] running install_egg_info
[1.048s] Copying ../../build/simple_robot/simple_robot.egg-info to /home/nelsonvt/workspace/ROS2_sim/install/simple_robot/lib/python3.10/site-packages/simple_robot-0.0.0-py3.10.egg-info
[1.049s] running install_scripts
[1.071s] writing list of installed files to '/home/nelsonvt/workspace/ROS2_sim/build/simple_robot/install.log'
[1.096s] Invoked command in '/home/nelsonvt/workspace/ROS2_sim/src/simple_robot' returned '0': PYTHONPATH=/home/nelsonvt/workspace/ROS2_sim/build/simple_robot/prefix_override:/usr/lib/python3/dist-packages/colcon_core/task/python/colcon_distutils_commands:/home/nelsonvt/workspace/ROS2_sim/install/simple_robot/lib/python3.10/site-packages:${PYTHONPATH} /usr/bin/python3 -W ignore:setup.py install is deprecated -W ignore:easy_install command is deprecated setup.py egg_info --egg-base ../../build/simple_robot build --build-base /home/nelsonvt/workspace/ROS2_sim/build/simple_robot/build install --record /home/nelsonvt/workspace/ROS2_sim/build/simple_robot/install.log --single-version-externally-managed install_data
