[0.711s] Invoking command in '/home/nelsonvt/workspace/ROS2_sim/src/simple_robot': PYTHONPATH=/home/nelsonvt/workspace/ROS2_sim/build/simple_robot/prefix_override:/usr/lib/python3/dist-packages/colcon_core/task/python/colcon_distutils_commands:/home/nelsonvt/workspace/ROS2_sim/install/simple_robot/lib/python3.10/site-packages:${PYTHONPATH} /usr/bin/python3 -W ignore:setup.py install is deprecated -W ignore:easy_install command is deprecated setup.py egg_info --egg-base ../../build/simple_robot build --build-base /home/nelsonvt/workspace/ROS2_sim/build/simple_robot/build install --record /home/nelsonvt/workspace/ROS2_sim/build/simple_robot/install.log --single-version-externally-managed install_data
[0.989s] running egg_info
[0.989s] writing ../../build/simple_robot/simple_robot.egg-info/PKG-INFO
[0.990s] writing dependency_links to ../../build/simple_robot/simple_robot.egg-info/dependency_links.txt
[0.990s] writing entry points to ../../build/simple_robot/simple_robot.egg-info/entry_points.txt
[0.990s] writing requirements to ../../build/simple_robot/simple_robot.egg-info/requires.txt
[0.990s] writing top-level names to ../../build/simple_robot/simple_robot.egg-info/top_level.txt
[0.992s] reading manifest file '../../build/simple_robot/simple_robot.egg-info/SOURCES.txt'
[0.993s] writing manifest file '../../build/simple_robot/simple_robot.egg-info/SOURCES.txt'
[0.993s] running build
[0.994s] running build_py
[0.994s] running install
[0.994s] running install_lib
[0.995s] running install_data
[0.995s] copying urdf/simple_robot.urdf -> /home/nelsonvt/workspace/ROS2_sim/install/simple_robot/share/simple_robot/urdf
[0.995s] running install_egg_info
[0.997s] removing '/home/nelsonvt/workspace/ROS2_sim/install/simple_robot/lib/python3.10/site-packages/simple_robot-0.0.0-py3.10.egg-info' (and everything under it)
[0.997s] Copying ../../build/simple_robot/simple_robot.egg-info to /home/nelsonvt/workspace/ROS2_sim/install/simple_robot/lib/python3.10/site-packages/simple_robot-0.0.0-py3.10.egg-info
[0.999s] running install_scripts
[1.020s] writing list of installed files to '/home/nelsonvt/workspace/ROS2_sim/build/simple_robot/install.log'
[1.045s] Invoked command in '/home/nelsonvt/workspace/ROS2_sim/src/simple_robot' returned '0': PYTHONPATH=/home/nelsonvt/workspace/ROS2_sim/build/simple_robot/prefix_override:/usr/lib/python3/dist-packages/colcon_core/task/python/colcon_distutils_commands:/home/nelsonvt/workspace/ROS2_sim/install/simple_robot/lib/python3.10/site-packages:${PYTHONPATH} /usr/bin/python3 -W ignore:setup.py install is deprecated -W ignore:easy_install command is deprecated setup.py egg_info --egg-base ../../build/simple_robot build --build-base /home/nelsonvt/workspace/ROS2_sim/build/simple_robot/build install --record /home/nelsonvt/workspace/ROS2_sim/build/simple_robot/install.log --single-version-externally-managed install_data
