[1.020s] Invoking command in '/home/nelsonvt/workspace/ROS2_sim/src/simple_robot': PYTHONPATH=/home/nelsonvt/workspace/ROS2_sim/build/simple_robot/prefix_override:/usr/lib/python3/dist-packages/colcon_core/task/python/colcon_distutils_commands:/home/nelsonvt/workspace/ROS2_sim/install/simple_robot/lib/python3.10/site-packages:${PYTHONPATH} /usr/bin/python3 -W ignore:setup.py install is deprecated -W ignore:easy_install command is deprecated setup.py egg_info --egg-base ../../build/simple_robot build --build-base /home/nelsonvt/workspace/ROS2_sim/build/simple_robot/build install --record /home/nelsonvt/workspace/ROS2_sim/build/simple_robot/install.log --single-version-externally-managed install_data
[1.273s] running egg_info
[1.274s] writing ../../build/simple_robot/simple_robot.egg-info/PKG-INFO
[1.302s] writing dependency_links to ../../build/simple_robot/simple_robot.egg-info/dependency_links.txt
[1.302s] writing entry points to ../../build/simple_robot/simple_robot.egg-info/entry_points.txt
[1.302s] writing requirements to ../../build/simple_robot/simple_robot.egg-info/requires.txt
[1.303s] writing top-level names to ../../build/simple_robot/simple_robot.egg-info/top_level.txt
[1.304s] reading manifest file '../../build/simple_robot/simple_robot.egg-info/SOURCES.txt'
[1.337s] writing manifest file '../../build/simple_robot/simple_robot.egg-info/SOURCES.txt'
[1.337s] running build
[1.337s] running build_py
[1.365s] running install
[1.365s] running install_lib
[1.367s] running install_data
[1.420s] running install_egg_info
[1.425s] removing '/home/nelsonvt/workspace/ROS2_sim/install/simple_robot/lib/python3.10/site-packages/simple_robot-0.0.0-py3.10.egg-info' (and everything under it)
[1.425s] Copying ../../build/simple_robot/simple_robot.egg-info to /home/nelsonvt/workspace/ROS2_sim/install/simple_robot/lib/python3.10/site-packages/simple_robot-0.0.0-py3.10.egg-info
[1.435s] running install_scripts
[1.484s] writing list of installed files to '/home/nelsonvt/workspace/ROS2_sim/build/simple_robot/install.log'
[1.520s] Invoked command in '/home/nelsonvt/workspace/ROS2_sim/src/simple_robot' returned '0': PYTHONPATH=/home/nelsonvt/workspace/ROS2_sim/build/simple_robot/prefix_override:/usr/lib/python3/dist-packages/colcon_core/task/python/colcon_distutils_commands:/home/nelsonvt/workspace/ROS2_sim/install/simple_robot/lib/python3.10/site-packages:${PYTHONPATH} /usr/bin/python3 -W ignore:setup.py install is deprecated -W ignore:easy_install command is deprecated setup.py egg_info --egg-base ../../build/simple_robot build --build-base /home/nelsonvt/workspace/ROS2_sim/build/simple_robot/build install --record /home/nelsonvt/workspace/ROS2_sim/build/simple_robot/install.log --single-version-externally-managed install_data
